00000000 00100000 ldc 0x1000 
00000001 0000000B a2sp 
00000002 0000010D call main 
00000003 00000012 HALT 
00000004 FFFFFE0A main: adj -2 
00000005 00000003 stl 0 
00000006 00000900 ldc n 
00000007 00000103 stl 1 
00000008 00000102 LOOP_OUTER: ldl 1 
00000009 0000290F brz EXIT_OUTER 
0000000A FFFFFF01 adc -1 
0000000B 00000103 stl 1 
0000000C FFFFFF0A adj -1 
0000000D 00000000 ldc 0 
0000000E 00000003 stl 0 
0000000F 00000002 LOOP_INNER: ldl 0 
00000010 00000900 ldc n 
00000011 FFFFFF01 adc -1 
00000012 00000007 sub 
00000013 00001D0F brz EXIT_INNER 
00000014 FFFFFD0A adj -3 
00000015 00003700 ldc array 
00000016 00000302 ldl 3 
00000017 00000006 add 
00000018 00000003 stl 0 
00000019 00000002 ldl 0 
0000001A 00000004 ldnl 0 
0000001B 00000203 stl 2 
0000001C 00000002 ldl 0 
0000001D 00000101 adc 1 
0000001E 00000103 stl 1 
0000001F 00000202 ldl 2 
00000020 00000102 ldl 1 
00000021 00000004 ldnl 0 
00000022 00000007 sub 
00000023 00000810 brlz NEXT 
00000024 0000070F brz NEXT 
00000025 00000102 ldl 1 
00000026 00000004 ldnl 0 
00000027 00000002 ldl 0 
00000028 00000005 stnl 0 
00000029 00000202 ldl 2 
0000002A 00000102 ldl 1 
0000002B 00000005 stnl 0 
0000002C 0000030A NEXT: adj 3 
0000002D 00000002 ldl 0 
0000002E 00000101 adc 1 
0000002F 00000003 stl 0 
00000030 FFFFDE11 br LOOP_INNER 
00000031 0000010A EXIT_INNER: adj 1 
00000032 FFFFD511 br LOOP_OUTER 
00000033 00000002 EXIT_OUTER: ldl 0 
00000034 0000030A adj 3 
00000035 00000004 return 
00000036 00000009 n: SET 9 
00000037 00000064 array: data 100 
00000038 00000078 data 120 
00000039 0000000C data 12 
0000003A 00000036 data 54 
0000003B 0000003E data 62 
0000003C 00000001 data 1 
0000003D FFFFFFFD data -3 
0000003E 000000A5 data 165 
0000003F 000000B2 data 178 
